2025-05-22 11:41:50,916 INFO    MainThread:423978 [wandb_setup.py:_flush():67] Current SDK version is 0.19.7
2025-05-22 11:41:50,916 INFO    MainThread:423978 [wandb_setup.py:_flush():67] Configure stats pid to 423978
2025-05-22 11:41:50,916 INFO    MainThread:423978 [wandb_setup.py:_flush():67] Loading settings from /gpfs/commons/home/svaidyanathan/.config/wandb/settings
2025-05-22 11:41:50,916 INFO    MainThread:423978 [wandb_setup.py:_flush():67] Loading settings from /gpfs/commons/home/svaidyanathan/repos/multivi_tools_splicing/multivi_splice_utils/jupyter_notebooks/wandb/settings
2025-05-22 11:41:50,916 INFO    MainThread:423978 [wandb_setup.py:_flush():67] Loading settings from environment variables
2025-05-22 11:41:50,916 INFO    MainThread:423978 [wandb_init.py:setup_run_log_directory():647] Logging user logs to ./wandb/run-20250522_114150-ob1hlsys/logs/debug.log
2025-05-22 11:41:50,916 INFO    MainThread:423978 [wandb_init.py:setup_run_log_directory():648] Logging internal logs to ./wandb/run-20250522_114150-ob1hlsys/logs/debug-internal.log
2025-05-22 11:41:50,916 INFO    MainThread:423978 [wandb_init.py:monkeypatch_ipython():599] configuring jupyter hooks <wandb.sdk.wandb_init._WandbInit object at 0x7f8412639430>
2025-05-22 11:41:50,917 INFO    MainThread:423978 [wandb_init.py:init():761] calling init triggers
2025-05-22 11:41:50,917 INFO    MainThread:423978 [wandb_init.py:init():766] wandb.init called with sweep_config: {}
config: {'_wandb': {}}
2025-05-22 11:41:50,917 INFO    MainThread:423978 [wandb_init.py:init():784] starting backend
2025-05-22 11:41:50,917 INFO    MainThread:423978 [wandb_init.py:init():788] sending inform_init request
2025-05-22 11:41:50,920 INFO    MainThread:423978 [backend.py:_multiprocessing_setup():97] multiprocessing start_methods=fork,spawn,forkserver, using: spawn
2025-05-22 11:41:50,921 INFO    MainThread:423978 [wandb_init.py:init():803] backend started and connected
2025-05-22 11:41:50,924 INFO    MainThread:423978 [wandb_run.py:_label_probe_notebook():1204] probe notebook
2025-05-22 11:41:50,928 INFO    MainThread:423978 [wandb_init.py:init():896] updated telemetry
2025-05-22 11:41:50,937 INFO    MainThread:423978 [wandb_init.py:init():920] communicating run to backend with 90.0 second timeout
2025-05-22 11:41:51,294 INFO    MainThread:423978 [wandb_init.py:init():995] starting run threads in backend
2025-05-22 11:41:51,654 INFO    MainThread:423978 [wandb_run.py:_console_start():2377] atexit reg
2025-05-22 11:41:51,654 INFO    MainThread:423978 [wandb_run.py:_redirect():2227] redirect: wrap_raw
2025-05-22 11:41:51,654 INFO    MainThread:423978 [wandb_run.py:_redirect():2292] Wrapping output streams.
2025-05-22 11:41:51,654 INFO    MainThread:423978 [wandb_run.py:_redirect():2317] Redirects installed.
2025-05-22 11:41:51,658 INFO    MainThread:423978 [wandb_init.py:init():1037] run started, returning control to user process
2025-05-22 11:49:57,585 WARNING MsgRouterThr:423978 [router.py:message_loop():77] message_loop has been closed
Traceback (most recent call last):
  File "/gpfs/commons/home/svaidyanathan/miniconda3/envs/scvi-env/lib/python3.12/site-packages/wandb/sdk/lib/sock_client.py", line 258, in _read_packet_bytes
    data = self._sock.recv(self._bufsize)
           ^^^^^^^^^^^^^^^^^^^^^^^^^^^^^^
ConnectionResetError: [Errno 104] Connection reset by peer

The above exception was the direct cause of the following exception:

Traceback (most recent call last):
  File "/gpfs/commons/home/svaidyanathan/miniconda3/envs/scvi-env/lib/python3.12/site-packages/wandb/sdk/interface/router_sock.py", line 28, in _read_message
    resp = self._sock_client.read_server_response(timeout=1)
           ^^^^^^^^^^^^^^^^^^^^^^^^^^^^^^^^^^^^^^^^^^^^^^^^^
  File "/gpfs/commons/home/svaidyanathan/miniconda3/envs/scvi-env/lib/python3.12/site-packages/wandb/sdk/lib/sock_client.py", line 285, in read_server_response
    data = self._read_packet_bytes(timeout=timeout)
           ^^^^^^^^^^^^^^^^^^^^^^^^^^^^^^^^^^^^^^^^
  File "/gpfs/commons/home/svaidyanathan/miniconda3/envs/scvi-env/lib/python3.12/site-packages/wandb/sdk/lib/sock_client.py", line 262, in _read_packet_bytes
    raise SockClientClosedError from e
wandb.sdk.lib.sock_client.SockClientClosedError

The above exception was the direct cause of the following exception:

Traceback (most recent call last):
  File "/gpfs/commons/home/svaidyanathan/miniconda3/envs/scvi-env/lib/python3.12/site-packages/wandb/sdk/interface/router.py", line 70, in message_loop
    msg = self._read_message()
          ^^^^^^^^^^^^^^^^^^^^
  File "/gpfs/commons/home/svaidyanathan/miniconda3/envs/scvi-env/lib/python3.12/site-packages/wandb/sdk/interface/router_sock.py", line 30, in _read_message
    raise MessageRouterClosedError from e
wandb.sdk.interface.router.MessageRouterClosedError
2025-05-22 11:49:57,588 INFO    MsgRouterThr:423978 [mailbox.py:close():115] Closing mailbox, abandoning 1 handles.
2025-05-22 11:49:58,402 INFO    MainThread:423978 [jupyter.py:save_ipynb():386] not saving jupyter notebook
2025-05-22 11:49:58,403 INFO    MainThread:423978 [wandb_init.py:_pause_backend():564] pausing backend
